0 info it worked if it ends with ok
1 verbose cli [ '/usr/local/Cellar/node/7.4.0/bin/node',
1 verbose cli   '/usr/local/bin/npm',
1 verbose cli   'install',
1 verbose cli   'uirouter' ]
2 info using npm@4.0.5
3 info using node@v7.4.0
4 silly loadCurrentTree Starting
5 silly install loadCurrentTree
6 silly install readLocalPackageData
7 silly fetchPackageMetaData uirouter
8 silly fetchNamedPackageData uirouter
9 silly mapToRegistry name uirouter
10 silly mapToRegistry using default registry
11 silly mapToRegistry registry https://registry.npmjs.org/
12 silly mapToRegistry data Result {
12 silly mapToRegistry   raw: 'uirouter',
12 silly mapToRegistry   scope: null,
12 silly mapToRegistry   escapedName: 'uirouter',
12 silly mapToRegistry   name: 'uirouter',
12 silly mapToRegistry   rawSpec: '',
12 silly mapToRegistry   spec: 'latest',
12 silly mapToRegistry   type: 'tag' }
13 silly mapToRegistry uri https://registry.npmjs.org/uirouter
14 verbose request uri https://registry.npmjs.org/uirouter
15 verbose request no auth needed
16 info attempt registry request try #1 at 2:49:40 PM
17 verbose request id be7d1bef92d35c65
18 http request GET https://registry.npmjs.org/uirouter
19 http 200 https://registry.npmjs.org/uirouter
20 verbose headers { server: 'nginx/1.10.1',
20 verbose headers   'content-type': 'application/json',
20 verbose headers   'last-modified': 'Sat, 20 Dec 2014 20:58:49 GMT',
20 verbose headers   etag: 'W/"5495e309-189"',
20 verbose headers   'content-encoding': 'gzip',
20 verbose headers   'cache-control': 'max-age=300',
20 verbose headers   'content-length': '242',
20 verbose headers   'accept-ranges': 'bytes',
20 verbose headers   date: 'Tue, 30 May 2017 21:49:40 GMT',
20 verbose headers   via: '1.1 varnish',
20 verbose headers   age: '0',
20 verbose headers   connection: 'keep-alive',
20 verbose headers   'x-served-by': 'cache-sea1042-SEA',
20 verbose headers   'x-cache': 'MISS',
20 verbose headers   'x-cache-hits': '0',
20 verbose headers   'x-timer': 'S1496180981.500582,VS0,VE54',
20 verbose headers   vary: 'Accept-Encoding' }
21 silly get cb [ 200,
21 silly get   { server: 'nginx/1.10.1',
21 silly get     'content-type': 'application/json',
21 silly get     'last-modified': 'Sat, 20 Dec 2014 20:58:49 GMT',
21 silly get     etag: 'W/"5495e309-189"',
21 silly get     'content-encoding': 'gzip',
21 silly get     'cache-control': 'max-age=300',
21 silly get     'content-length': '242',
21 silly get     'accept-ranges': 'bytes',
21 silly get     date: 'Tue, 30 May 2017 21:49:40 GMT',
21 silly get     via: '1.1 varnish',
21 silly get     age: '0',
21 silly get     connection: 'keep-alive',
21 silly get     'x-served-by': 'cache-sea1042-SEA',
21 silly get     'x-cache': 'MISS',
21 silly get     'x-cache-hits': '0',
21 silly get     'x-timer': 'S1496180981.500582,VS0,VE54',
21 silly get     vary: 'Accept-Encoding' } ]
22 verbose get saving uirouter to /Users/JR/.npm/registry.npmjs.org/uirouter/.cache.json
23 verbose correctMkdir /Users/JR/.npm correctMkdir not in flight; initializing
24 verbose stack TypeError: Cannot convert undefined or null to object
24 verbose stack     at Function.keys (<anonymous>)
24 verbose stack     at pickVersionFromRegistryDocument (/usr/local/lib/node_modules/npm/lib/fetch-package-metadata.js:125:29)
24 verbose stack     at /usr/local/lib/node_modules/npm/node_modules/iferr/index.js:13:50
24 verbose stack     at /usr/local/lib/node_modules/npm/lib/utils/pulse-till-done.js:20:8
24 verbose stack     at saved (/usr/local/lib/node_modules/npm/lib/cache/caching-client.js:174:7)
24 verbose stack     at /usr/local/lib/node_modules/npm/node_modules/graceful-fs/polyfills.js:261:18
24 verbose stack     at FSReqWrap.oncomplete (fs.js:112:15)
25 verbose cwd /Users/JR/cf/angular-routing/angular-routing-practice
26 error Darwin 15.4.0
27 error argv "/usr/local/Cellar/node/7.4.0/bin/node" "/usr/local/bin/npm" "install" "uirouter"
28 error node v7.4.0
29 error npm  v4.0.5
30 error Cannot convert undefined or null to object
31 error If you need help, you may report this error at:
31 error     <https://github.com/npm/npm/issues>
32 verbose exit [ 1, true ]
